<?xml version="1.0" encoding="UTF-8"?>
<testsuite name="p.TestA" tests="1" skipped="0" failures="0" errors="0" timestamp="2017-08-29T13:15:13" hostname="val-6" time="0.001">
  <properties/>
  <testcase name="testm" classname="p.TestA" time="0.001"/>
  <system-out><![CDATA[]]></system-out>
  <system-err><![CDATA[]]></system-err>
</testsuite>
