<?xml version="1.0" encoding="UTF-8"?>
<testsuite name="lang.ParseTests" tests="7" skipped="0" failures="0" errors="0" timestamp="2017-09-25T08:52:57" hostname="val-1" time="0.031">
  <properties/>
  <testcase name="identifier" classname="lang.ParseTests" time="0.014"/>
  <testcase name="error2" classname="lang.ParseTests" time="0.008"/>
  <testcase name="error3" classname="lang.ParseTests" time="0.002"/>
  <testcase name="product" classname="lang.ParseTests" time="0.002"/>
  <testcase name="let" classname="lang.ParseTests" time="0.002"/>
  <testcase name="error" classname="lang.ParseTests" time="0.002"/>
  <testcase name="numerical" classname="lang.ParseTests" time="0.001"/>
  <system-out><![CDATA[]]></system-out>
  <system-err><![CDATA[]]></system-err>
</testsuite>
