<?xml version="1.0" encoding="UTF-8"?>
<testsuite name="lang.TestNameAnalysis" tests="9" skipped="0" failures="0" errors="0" timestamp="2017-09-25T08:52:57" hostname="val-1" time="0.047">
  <properties/>
  <testcase name="runTest[undeclared3.in]" classname="lang.TestNameAnalysis" time="0.006"/>
  <testcase name="runTest[ok1.in]" classname="lang.TestNameAnalysis" time="0.008"/>
  <testcase name="runTest[undeclared4.in]" classname="lang.TestNameAnalysis" time="0.006"/>
  <testcase name="runTest[redeclared1.in]" classname="lang.TestNameAnalysis" time="0.004"/>
  <testcase name="runTest[ok3.in]" classname="lang.TestNameAnalysis" time="0.004"/>
  <testcase name="runTest[ok2.in]" classname="lang.TestNameAnalysis" time="0.003"/>
  <testcase name="runTest[redeclared2.in]" classname="lang.TestNameAnalysis" time="0.003"/>
  <testcase name="runTest[undeclared2.in]" classname="lang.TestNameAnalysis" time="0.006"/>
  <testcase name="runTest[undeclared1.in]" classname="lang.TestNameAnalysis" time="0.005"/>
  <system-out><![CDATA[]]></system-out>
  <system-err><![CDATA[]]></system-err>
</testsuite>
