<?xml version="1.0" encoding="UTF-8"?>
<testsuite name="lang.TestPrettyPrinting" tests="2" skipped="0" failures="0" errors="0" timestamp="2017-10-20T21:01:41" hostname="login" time="0.042">
  <properties/>
  <testcase name="runTest[many_if.in]" classname="lang.TestPrettyPrinting" time="0.033"/>
  <testcase name="runTest[main.in]" classname="lang.TestPrettyPrinting" time="0.009"/>
  <system-out><![CDATA[]]></system-out>
  <system-err><![CDATA[]]></system-err>
</testsuite>
